README.md
build_wasm/wax_wasm.js
build_wasm/wax.d.ts
package.json
wasm/dist/npm-pack.gen
wasm/dist/proto/account_create_with_delegation.d.ts
wasm/dist/proto/account_create_with_delegation.js
wasm/dist/proto/account_create.d.ts
wasm/dist/proto/account_create.js
wasm/dist/proto/account_created.d.ts
wasm/dist/proto/account_created.js
wasm/dist/proto/account_update.d.ts
wasm/dist/proto/account_update.js
wasm/dist/proto/account_update2.d.ts
wasm/dist/proto/account_update2.js
wasm/dist/proto/account_witness_proxy.d.ts
wasm/dist/proto/account_witness_proxy.js
wasm/dist/proto/account_witness_vote.d.ts
wasm/dist/proto/account_witness_vote.js
wasm/dist/proto/asset.d.ts
wasm/dist/proto/asset.js
wasm/dist/proto/author_reward.d.ts
wasm/dist/proto/author_reward.js
wasm/dist/proto/authority.d.ts
wasm/dist/proto/authority.js
wasm/dist/proto/cancel_transfer_from_savings.d.ts
wasm/dist/proto/cancel_transfer_from_savings.js
wasm/dist/proto/change_recovery_account.d.ts
wasm/dist/proto/change_recovery_account.js
wasm/dist/proto/changed_recovery_account.d.ts
wasm/dist/proto/changed_recovery_account.js
wasm/dist/proto/claim_account.d.ts
wasm/dist/proto/claim_account.js
wasm/dist/proto/claim_reward_balance.d.ts
wasm/dist/proto/claim_reward_balance.js
wasm/dist/proto/clear_null_account_balance.d.ts
wasm/dist/proto/clear_null_account_balance.js
wasm/dist/proto/collateralized_convert_immediate_conversion.d.ts
wasm/dist/proto/collateralized_convert_immediate_conversion.js
wasm/dist/proto/collateralized_convert.d.ts
wasm/dist/proto/collateralized_convert.js
wasm/dist/proto/comment_benefactor_reward.d.ts
wasm/dist/proto/comment_benefactor_reward.js
wasm/dist/proto/comment_options.d.ts
wasm/dist/proto/comment_options.js
wasm/dist/proto/comment_payout_update.d.ts
wasm/dist/proto/comment_payout_update.js
wasm/dist/proto/comment_reward.d.ts
wasm/dist/proto/comment_reward.js
wasm/dist/proto/comment.d.ts
wasm/dist/proto/comment.js
wasm/dist/proto/consolidate_treasury_balance.d.ts
wasm/dist/proto/consolidate_treasury_balance.js
wasm/dist/proto/convert.d.ts
wasm/dist/proto/convert.js
wasm/dist/proto/create_claimed_account.d.ts
wasm/dist/proto/create_claimed_account.js
wasm/dist/proto/create_proposal.d.ts
wasm/dist/proto/create_proposal.js
wasm/dist/proto/curation_reward.d.ts
wasm/dist/proto/curation_reward.js
wasm/dist/proto/custom_json.d.ts
wasm/dist/proto/custom_json.js
wasm/dist/proto/custom.d.ts
wasm/dist/proto/custom.js
wasm/dist/proto/decline_voting_rights.d.ts
wasm/dist/proto/decline_voting_rights.js
wasm/dist/proto/declined_voting_rights.d.ts
wasm/dist/proto/declined_voting_rights.js
wasm/dist/proto/delayed_voting.d.ts
wasm/dist/proto/delayed_voting.js
wasm/dist/proto/delegate_vesting_shares.d.ts
wasm/dist/proto/delegate_vesting_shares.js
wasm/dist/proto/delete_comment.d.ts
wasm/dist/proto/delete_comment.js
wasm/dist/proto/dhf_conversion.d.ts
wasm/dist/proto/dhf_conversion.js
wasm/dist/proto/dhf_funding.d.ts
wasm/dist/proto/dhf_funding.js
wasm/dist/proto/effective_comment_vote.d.ts
wasm/dist/proto/effective_comment_vote.js
wasm/dist/proto/escrow_approve.d.ts
wasm/dist/proto/escrow_approve.js
wasm/dist/proto/escrow_approved.d.ts
wasm/dist/proto/escrow_approved.js
wasm/dist/proto/escrow_dispute.d.ts
wasm/dist/proto/escrow_dispute.js
wasm/dist/proto/escrow_rejected.d.ts
wasm/dist/proto/escrow_rejected.js
wasm/dist/proto/escrow_release.d.ts
wasm/dist/proto/escrow_release.js
wasm/dist/proto/escrow_transfer.d.ts
wasm/dist/proto/escrow_transfer.js
wasm/dist/proto/expired_account_notification.d.ts
wasm/dist/proto/expired_account_notification.js
wasm/dist/proto/failed_recurrent_transfer.d.ts
wasm/dist/proto/failed_recurrent_transfer.js
wasm/dist/proto/feed_publish.d.ts
wasm/dist/proto/feed_publish.js
wasm/dist/proto/fill_collateralized_convert_request.d.ts
wasm/dist/proto/fill_collateralized_convert_request.js
wasm/dist/proto/fill_convert_request.d.ts
wasm/dist/proto/fill_convert_request.js
wasm/dist/proto/fill_order.d.ts
wasm/dist/proto/fill_order.js
wasm/dist/proto/fill_recurrent_transfer.d.ts
wasm/dist/proto/fill_recurrent_transfer.js
wasm/dist/proto/fill_transfer_from_savings.d.ts
wasm/dist/proto/fill_transfer_from_savings.js
wasm/dist/proto/fill_vesting_withdraw.d.ts
wasm/dist/proto/fill_vesting_withdraw.js
wasm/dist/proto/future_extensions.d.ts
wasm/dist/proto/future_extensions.js
wasm/dist/proto/hardfork_hive_restore.d.ts
wasm/dist/proto/hardfork_hive_restore.js
wasm/dist/proto/hardfork_hive.d.ts
wasm/dist/proto/hardfork_hive.js
wasm/dist/proto/hardfork.d.ts
wasm/dist/proto/hardfork.js
wasm/dist/proto/ineffective_delete_comment.d.ts
wasm/dist/proto/ineffective_delete_comment.js
wasm/dist/proto/interest.d.ts
wasm/dist/proto/interest.js
wasm/dist/proto/legacy_chain_properties.d.ts
wasm/dist/proto/legacy_chain_properties.js
wasm/dist/proto/limit_order_cancel.d.ts
wasm/dist/proto/limit_order_cancel.js
wasm/dist/proto/limit_order_cancelled.d.ts
wasm/dist/proto/limit_order_cancelled.js
wasm/dist/proto/limit_order_create.d.ts
wasm/dist/proto/limit_order_create.js
wasm/dist/proto/limit_order_create2.d.ts
wasm/dist/proto/limit_order_create2.js
wasm/dist/proto/liquidity_reward.d.ts
wasm/dist/proto/liquidity_reward.js
wasm/dist/proto/operation.d.ts
wasm/dist/proto/operation.js
wasm/dist/proto/pow_reward.d.ts
wasm/dist/proto/pow_reward.js
wasm/dist/proto/pow.d.ts
wasm/dist/proto/pow.js
wasm/dist/proto/pow2.d.ts
wasm/dist/proto/pow2.js
wasm/dist/proto/price.d.ts
wasm/dist/proto/price.js
wasm/dist/proto/producer_missed.d.ts
wasm/dist/proto/producer_missed.js
wasm/dist/proto/producer_reward.d.ts
wasm/dist/proto/producer_reward.js
wasm/dist/proto/proposal_fee.d.ts
wasm/dist/proto/proposal_fee.js
wasm/dist/proto/proposal_pay.d.ts
wasm/dist/proto/proposal_pay.js
wasm/dist/proto/proxy_cleared.d.ts
wasm/dist/proto/proxy_cleared.js
wasm/dist/proto/recover_account.d.ts
wasm/dist/proto/recover_account.js
wasm/dist/proto/recurrent_transfer.d.ts
wasm/dist/proto/recurrent_transfer.js
wasm/dist/proto/remove_proposal.d.ts
wasm/dist/proto/remove_proposal.js
wasm/dist/proto/request_account_recovery.d.ts
wasm/dist/proto/request_account_recovery.js
wasm/dist/proto/return_vesting_delegation.d.ts
wasm/dist/proto/return_vesting_delegation.js
wasm/dist/proto/set_withdraw_vesting_route.d.ts
wasm/dist/proto/set_withdraw_vesting_route.js
wasm/dist/proto/shutdown_witness.d.ts
wasm/dist/proto/shutdown_witness.js
wasm/dist/proto/system_warning.d.ts
wasm/dist/proto/system_warning.js
wasm/dist/proto/transaction.d.ts
wasm/dist/proto/transaction.js
wasm/dist/proto/transfer_from_savings.d.ts
wasm/dist/proto/transfer_from_savings.js
wasm/dist/proto/transfer_to_savings.d.ts
wasm/dist/proto/transfer_to_savings.js
wasm/dist/proto/transfer_to_vesting_completed.d.ts
wasm/dist/proto/transfer_to_vesting_completed.js
wasm/dist/proto/transfer_to_vesting.d.ts
wasm/dist/proto/transfer_to_vesting.js
wasm/dist/proto/transfer.d.ts
wasm/dist/proto/transfer.js
wasm/dist/proto/update_proposal_votes.d.ts
wasm/dist/proto/update_proposal_votes.js
wasm/dist/proto/update_proposal.d.ts
wasm/dist/proto/update_proposal.js
wasm/dist/proto/vesting_shares_split.d.ts
wasm/dist/proto/vesting_shares_split.js
wasm/dist/proto/vote.d.ts
wasm/dist/proto/vote.js
wasm/dist/proto/withdraw_vesting.d.ts
wasm/dist/proto/withdraw_vesting.js
wasm/dist/proto/witness_block_approve.d.ts
wasm/dist/proto/witness_block_approve.js
wasm/dist/proto/witness_set_properties.d.ts
wasm/dist/proto/witness_set_properties.js
wasm/dist/proto/witness_update.d.ts
wasm/dist/proto/witness_update.js
wasm/dist/protocol.d.ts
wasm/dist/protocol.js
wasm/dist/visitor.d.ts
wasm/dist/visitor.js
wasm/dist/wax.d.ts
wasm/dist/wax.js
